
  .   ____          _            __ _ _
 /\\ / ___'_ __ _ _(_)_ __  __ _ \ \ \ \
( ( )\___ | '_ | '_| | '_ \/ _` | \ \ \ \
 \\/  ___)| |_)| | | | | || (_| |  ) ) ) )
  '  |____| .__|_| |_|_| |_\__, | / / / /
 =========|_|==============|___/=/_/_/_/

 :: Spring Boot ::                (v3.5.0)

2026-06-09T23:37:37.623+08:00  INFO 20572 --- [UcMarket] [           main] com.ucmarket.UcMarketApplication         : Starting UcMarketApplication using Java 21.0.11 with PID 20572 (C:\Users\Nero\Desktop\ucopencode\UcMarket\backend\target\classes started by Nero in C:\Users\Nero\Desktop\ucopencode\UcMarket\backend)
2026-06-09T23:37:37.625+08:00  INFO 20572 --- [UcMarket] [           main] com.ucmarket.UcMarketApplication         : No active profile set, falling back to 1 default profile: "default"
2026-06-09T23:37:38.483+08:00  INFO 20572 --- [UcMarket] [           main] .s.d.r.c.RepositoryConfigurationDelegate : Bootstrapping Spring Data JPA repositories in DEFAULT mode.
2026-06-09T23:37:38.600+08:00  INFO 20572 --- [UcMarket] [           main] .s.d.r.c.RepositoryConfigurationDelegate : Finished Spring Data repository scanning in 105 ms. Found 7 JPA repository interfaces.
2026-06-09T23:37:39.466+08:00  INFO 20572 --- [UcMarket] [           main] o.s.b.w.embedded.tomcat.TomcatWebServer  : Tomcat initialized with port 8080 (http)
2026-06-09T23:37:39.484+08:00  INFO 20572 --- [UcMarket] [           main] o.apache.catalina.core.StandardService   : Starting service [Tomcat]
2026-06-09T23:37:39.484+08:00  INFO 20572 --- [UcMarket] [           main] o.apache.catalina.core.StandardEngine    : Starting Servlet engine: [Apache Tomcat/10.1.41]
2026-06-09T23:37:39.585+08:00  INFO 20572 --- [UcMarket] [           main] o.a.c.c.C.[Tomcat].[localhost].[/]       : Initializing Spring embedded WebApplicationContext
2026-06-09T23:37:39.585+08:00  INFO 20572 --- [UcMarket] [           main] w.s.c.ServletWebServerApplicationContext : Root WebApplicationContext: initialization completed in 1918 ms
2026-06-09T23:37:39.714+08:00  INFO 20572 --- [UcMarket] [           main] o.hibernate.jpa.internal.util.LogHelper  : HHH000204: Processing PersistenceUnitInfo [name: default]
2026-06-09T23:37:39.783+08:00  INFO 20572 --- [UcMarket] [           main] org.hibernate.Version                    : HHH000412: Hibernate ORM core version 6.6.15.Final
2026-06-09T23:37:39.829+08:00  INFO 20572 --- [UcMarket] [           main] o.h.c.internal.RegionFactoryInitiator    : HHH000026: Second-level cache disabled
2026-06-09T23:37:40.216+08:00  INFO 20572 --- [UcMarket] [           main] o.s.o.j.p.SpringPersistenceUnitInfo      : No LoadTimeWeaver setup: ignoring JPA class transformer
2026-06-09T23:37:40.257+08:00  INFO 20572 --- [UcMarket] [           main] com.zaxxer.hikari.HikariDataSource       : HikariPool-1 - Starting...
2026-06-09T23:37:40.520+08:00  INFO 20572 --- [UcMarket] [           main] com.zaxxer.hikari.pool.HikariPool        : HikariPool-1 - Added connection org.postgresql.jdbc.PgConnection@7ec13984
2026-06-09T23:37:40.522+08:00  INFO 20572 --- [UcMarket] [           main] com.zaxxer.hikari.HikariDataSource       : HikariPool-1 - Start completed.
2026-06-09T23:37:40.594+08:00  INFO 20572 --- [UcMarket] [           main] org.hibernate.orm.connections.pooling    : HHH10001005: Database info:
	Database JDBC URL [Connecting through datasource 'HikariDataSource (HikariPool-1)']
	Database driver: undefined/unknown
	Database version: 18.4
	Autocommit mode: undefined/unknown
	Isolation level: undefined/unknown
	Minimum pool size: undefined/unknown
	Maximum pool size: undefined/unknown
2026-06-09T23:37:41.726+08:00  INFO 20572 --- [UcMarket] [           main] o.h.e.t.j.p.i.JtaPlatformInitiator       : HHH000489: No JTA platform available (set 'hibernate.transaction.jta.platform' to enable JTA platform integration)
2026-06-09T23:37:41.729+08:00  INFO 20572 --- [UcMarket] [           main] j.LocalContainerEntityManagerFactoryBean : Initialized JPA EntityManagerFactory for persistence unit 'default'
2026-06-09T23:37:42.275+08:00  WARN 20572 --- [UcMarket] [           main] JpaBaseConfiguration$JpaWebConfiguration : spring.jpa.open-in-view is enabled by default. Therefore, database queries may be performed during view rendering. Explicitly configure spring.jpa.open-in-view to disable this warning
2026-06-09T23:37:42.504+08:00  WARN 20572 --- [UcMarket] [           main] .s.s.UserDetailsServiceAutoConfiguration : 

Using generated security password: 3a3d6040-16bf-4a4c-98c3-3182cf3729d5

This generated password is for development use only. Your security configuration must be updated before running your application in production.

2026-06-09T23:37:42.513+08:00  INFO 20572 --- [UcMarket] [           main] r$InitializeUserDetailsManagerConfigurer : Global AuthenticationManager configured with UserDetailsService bean with name inMemoryUserDetailsManager
2026-06-09T23:37:42.872+08:00  INFO 20572 --- [UcMarket] [           main] o.s.b.w.embedded.tomcat.TomcatWebServer  : Tomcat started on port 8080 (http) with context path '/'
2026-06-09T23:37:42.877+08:00  INFO 20572 --- [UcMarket] [           main] com.ucmarket.UcMarketApplication         : Started UcMarketApplication in 5.863 seconds (process running for 6.584)
2026-06-09T23:37:53.218+08:00  INFO 20572 --- [UcMarket] [nio-8080-exec-1] o.a.c.c.C.[Tomcat].[localhost].[/]       : Initializing Spring DispatcherServlet 'dispatcherServlet'
2026-06-09T23:37:53.219+08:00  INFO 20572 --- [UcMarket] [nio-8080-exec-1] o.s.web.servlet.DispatcherServlet        : Initializing Servlet 'dispatcherServlet'
2026-06-09T23:37:53.220+08:00  INFO 20572 --- [UcMarket] [nio-8080-exec-1] o.s.web.servlet.DispatcherServlet        : Completed initialization in 1 ms
Hibernate: select u1_0.id from users u1_0 where u1_0.email=? fetch first ? rows only
Hibernate: select u1_0.id from users u1_0 where u1_0.username=? fetch first ? rows only
Hibernate: insert into users (avatar_url,bio,created_at,email,last_login_at,password_hash,reputation,role,status,updated_at,username,id) values (?,?,?,?,?,?,?,?,?,?,?,?)
Hibernate: insert into wallets (balance,created_at,locked_balance,updated_at,user_id,version,id) values (?,?,?,?,?,?,?)
Hibernate: insert into user_sessions (created_at,expires_at,ip_address,refresh_token_hash,revoked_at,user_id,id) values (?,?,?,?,?,?,?)
Hibernate: select u1_0.id,u1_0.avatar_url,u1_0.bio,u1_0.created_at,u1_0.email,u1_0.last_login_at,u1_0.password_hash,u1_0.reputation,u1_0.role,u1_0.status,u1_0.updated_at,u1_0.username from users u1_0 where u1_0.email=?
Hibernate: insert into user_sessions (created_at,expires_at,ip_address,refresh_token_hash,revoked_at,user_id,id) values (?,?,?,?,?,?,?)
Hibernate: update users set avatar_url=?,bio=?,created_at=?,email=?,last_login_at=?,password_hash=?,reputation=?,role=?,status=?,updated_at=?,username=? where id=?
Hibernate: select u1_0.id,u1_0.avatar_url,u1_0.bio,u1_0.created_at,u1_0.email,u1_0.last_login_at,u1_0.password_hash,u1_0.reputation,u1_0.role,u1_0.status,u1_0.updated_at,u1_0.username from users u1_0 where u1_0.email=?
Hibernate: insert into user_sessions (created_at,expires_at,ip_address,refresh_token_hash,revoked_at,user_id,id) values (?,?,?,?,?,?,?)
Hibernate: update users set avatar_url=?,bio=?,created_at=?,email=?,last_login_at=?,password_hash=?,reputation=?,role=?,status=?,updated_at=?,username=? where id=?
Hibernate: select u1_0.id,u1_0.avatar_url,u1_0.bio,u1_0.created_at,u1_0.email,u1_0.last_login_at,u1_0.password_hash,u1_0.reputation,u1_0.role,u1_0.status,u1_0.updated_at,u1_0.username from users u1_0 where u1_0.id=?
Hibernate: select u1_0.id,u1_0.avatar_url,u1_0.bio,u1_0.created_at,u1_0.email,u1_0.last_login_at,u1_0.password_hash,u1_0.reputation,u1_0.role,u1_0.status,u1_0.updated_at,u1_0.username from users u1_0 where u1_0.id=?
